[debug] [2025-06-12T18:24:29.572Z] ----------------------------------------------------------------------
[debug] [2025-06-12T18:24:29.574Z] Command:       C:\Program Files\nodejs\node.exe C:\Users\AmyBennett\AppData\Roaming\npm\node_modules\firebase-tools\lib\bin\firebase.js projects:list
[debug] [2025-06-12T18:24:29.575Z] CLI Version:   14.6.0
[debug] [2025-06-12T18:24:29.575Z] Platform:      win32
[debug] [2025-06-12T18:24:29.575Z] Node Version:  v20.19.2
[debug] [2025-06-12T18:24:29.575Z] Time:          Thu Jun 12 2025 19:24:29 GMT+0100 (British Summer Time)
[debug] [2025-06-12T18:24:29.575Z] ----------------------------------------------------------------------
[debug] 
[debug] [2025-06-12T18:24:29.579Z] > command requires scopes: ["email","openid","https://www.googleapis.com/auth/cloudplatformprojects.readonly","https://www.googleapis.com/auth/firebase","https://www.googleapis.com/auth/cloud-platform"]
[debug] [2025-06-12T18:24:29.580Z] > authorizing via signed-in user (billy.fergusonx@gmail.com)
[debug] [2025-06-12T18:24:29.584Z] Checked if tokens are valid: true, expires at: 1749756258217
[debug] [2025-06-12T18:24:29.584Z] Checked if tokens are valid: true, expires at: 1749756258217
[debug] [2025-06-12T18:24:29.585Z] >>> [apiv2][query] GET https://firebase.googleapis.com/v1beta1/projects pageSize=1000
[debug] [2025-06-12T18:24:34.754Z] <<< [apiv2][status] GET https://firebase.googleapis.com/v1beta1/projects 503
[debug] [2025-06-12T18:24:34.754Z] <<< [apiv2][body] GET https://firebase.googleapis.com/v1beta1/projects [omitted]
[debug] [2025-06-12T18:24:34.755Z] Request to https://firebase.googleapis.com/v1beta1/projects?pageSize=1000 had HTTP Error: 503, Visibility check was unavailable. Please retry the request and contact support if the problem persists
[debug] [2025-06-12T18:24:34.756Z] FirebaseError: Request to https://firebase.googleapis.com/v1beta1/projects?pageSize=1000 had HTTP Error: 503, Visibility check was unavailable. Please retry the request and contact support if the problem persists
    at responseToError (C:\Users\AmyBennett\AppData\Roaming\npm\node_modules\firebase-tools\lib\responseToError.js:52:12)
    at RetryOperation._fn (C:\Users\AmyBennett\AppData\Roaming\npm\node_modules\firebase-tools\lib\apiv2.js:312:77)
    at process.processTicksAndRejections (node:internal/process/task_queues:95:5)
[error] 
[error] Error: Failed to list Firebase projects. See firebase-debug.log for more info.
